{"/Users/enriquesanchez/codebase/expojest/app/utileriasNombre.js": {"path":"/Users/enriquesanchez/codebase/expojest/app/utileriasNombre.js","statementMap":{"0":{"start":{"line":1,"column":24},"end":{"line":8,"column":1}},"1":{"start":{"line":3,"column":8},"end":{"line":3,"column":45}},"2":{"start":{"line":4,"column":8},"end":{"line":4,"column":39}},"3":{"start":{"line":7,"column":4},"end":{"line":7,"column":38}}},"fnMap":{"0":{"name":"(anonymous_0)","decl":{"start":{"line":1,"column":24},"end":{"line":1,"column":25}},"loc":{"start":{"line":1,"column":30},"end":{"line":8,"column":1}},"line":1},"1":{"name":"concatenaNombreCompleto","decl":{"start":{"line":2,"column":13},"end":{"line":2,"column":36}},"loc":{"start":{"line":2,"column":55},"end":{"line":5,"column":5}},"line":2}},"branchMap":{},"s":{"0":1,"1":1,"2":1,"3":1},"f":{"0":1,"1":1},"b":{},"_coverageSchema":"1a1c01bbd47fc00a2c39e90264f33305004495a9","hash":"3d1172ba29dca226db830876b4d723fdfd0b2859"}
}
