TN:
SF:app/index.js
FN:5,(anonymous_0)
FN:13,(anonymous_1)
FN:19,(anonymous_2)
FNF:3
FNH:3
FNDA:4,(anonymous_0)
FNDA:1,(anonymous_1)
FNDA:1,(anonymous_2)
DA:5,1
DA:6,4
DA:8,4
DA:13,1
DA:19,1
LF:5
LH:5
BRF:0
BRH:0
end_of_record
TN:
SF:app/useNombre.js
FN:4,(anonymous_0)
FN:10,calculaNombreCompleto
FNF:2
FNH:2
FNDA:4,(anonymous_0)
FNDA:1,calculaNombreCompleto
DA:4,1
DA:5,4
DA:6,4
DA:7,4
DA:8,4
DA:11,1
DA:12,1
DA:15,4
LF:8
LH:8
BRF:0
BRH:0
end_of_record
TN:
SF:app/utileriasNombre.js
FN:1,(anonymous_0)
FN:2,concatenaNombreCompleto
FNF:2
FNH:2
FNDA:5,(anonymous_0)
FNDA:2,concatenaNombreCompleto
DA:1,2
DA:3,2
DA:4,2
DA:7,5
LF:4
LH:4
BRF:0
BRH:0
end_of_record
